<?xml version="1.0" encoding="UTF-8"?>
<!-- Generated by org.testng.reporters.JUnitXMLReporter -->
<testsuite hostname="DESKTOP-MGGBRCD" name="Test" tests="3" failures="0" timestamp="24 Jul 2017 09:40:13 GMT" time="152.434" errors="0">
  <testcase name="loginByTab" time="29.402" classname="com.execute.LoginTest1"/>
  <testcase name="loginByPublish" time="43.429" classname="com.execute.LoginTest1"/>
  <testcase name="loginByComment" time="43.832" classname="com.execute.LoginTest1"/>
</testsuite> <!-- Test -->
